<?xml version="1.0" encoding="UTF-8"?>
<!-- Generated by org.testng.reporters.JUnitReportReporter -->
<testsuite hostname="sairam" failures="0" tests="1" name="stepDefenations.NewTest1" time="0.011" errors="0" timestamp="2024-11-07T09:40:01 IST" skipped="0">
  <testcase classname="stepDefenations.NewTest1" name="f" time="0.011"/>
</testsuite> <!-- stepDefenations.NewTest1 -->
