<?xml version="1.0" encoding="UTF-8"?>
<!-- Generated by org.testng.reporters.JUnitReportReporter -->
<testsuite hostname="sairam" failures="0" tests="1" name="testRunner.NewTest" time="0.011" errors="0" timestamp="2024-11-07T10:18:15 IST" skipped="0">
  <testcase classname="testRunner.NewTest" name="f" time="0.011"/>
</testsuite> <!-- testRunner.NewTest -->
